<?xml version="1.0" encoding="UTF-8"?>
<testng-results ignored="0" total="1" passed="1" failed="0" skipped="0">
  <reporter-output>
  </reporter-output>
  <suite started-at="2024-05-24T13:56:52 IST" name="Default suite" finished-at="2024-05-24T13:59:17 IST" duration-ms="145345">
    <groups>
    </groups>
    <test started-at="2024-05-24T13:56:52 IST" name="Default test" finished-at="2024-05-24T13:59:17 IST" duration-ms="145345">
      <class name="com.example.loadtest.ExistingPatient">
        <test-method is-config="true" signature="setUp()[pri:0, instance:com.example.loadtest.ExistingPatient@1fa1cab1]" started-at="2024-05-24T13:56:52 IST" name="setUp" finished-at="2024-05-24T13:56:54 IST" duration-ms="2279" status="PASS">
          <reporter-output>
          </reporter-output>
        </test-method> <!-- setUp -->
        <test-method signature="loginPage()[pri:0, instance:com.example.loadtest.ExistingPatient@1fa1cab1]" started-at="2024-05-24T13:56:54 IST" name="loginPage" finished-at="2024-05-24T13:59:15 IST" duration-ms="140976" status="PASS">
          <reporter-output>
          </reporter-output>
        </test-method> <!-- loginPage -->
        <test-method is-config="true" signature="tearDown()[pri:0, instance:com.example.loadtest.ExistingPatient@1fa1cab1]" started-at="2024-05-24T13:59:15 IST" name="tearDown" finished-at="2024-05-24T13:59:17 IST" duration-ms="2016" status="PASS">
          <reporter-output>
          </reporter-output>
        </test-method> <!-- tearDown -->
      </class> <!-- com.example.loadtest.ExistingPatient -->
    </test> <!-- Default test -->
  </suite> <!-- Default suite -->
</testng-results>
